<?xml version="1.0" encoding="utf-8"?><testsuites name="pytest tests"><testsuite name="pytest" errors="0" failures="0" skipped="0" tests="33" time="13.458" timestamp="2026-05-02T13:19:55.639001+00:00" hostname="agent-env-4af4889d-2a0b-421f-b8cd-e7b7c4e20883"><testcase classname="backend.tests.test_api.TestAuth" name="test_login_success" time="0.357" /><testcase classname="backend.tests.test_api.TestAuth" name="test_login_invalid_credentials" time="0.119" /><testcase classname="backend.tests.test_api.TestAuth" name="test_signup_duplicate_email" time="0.103" /><testcase classname="backend.tests.test_api.TestAuth" name="test_get_current_user" time="0.438" /><testcase classname="backend.tests.test_api.TestAptitudeQuestions" name="test_aptitude_quantitative_practice_10_questions" time="0.468" /><testcase classname="backend.tests.test_api.TestAptitudeQuestions" name="test_aptitude_logical_practice_10_questions" time="0.436" /><testcase classname="backend.tests.test_api.TestAptitudeQuestions" name="test_aptitude_verbal_practice_10_questions" time="0.438" /><testcase classname="backend.tests.test_api.TestAptitudeQuestions" name="test_aptitude_test_mode_20_questions" time="0.445" /><testcase classname="backend.tests.test_api.TestAptitudeQuestions" name="test_questions_have_required_fields" time="0.544" /><testcase classname="backend.tests.test_api.TestReasoningQuestions" name="test_reasoning_pattern_practice_10_questions" time="0.448" /><testcase classname="backend.tests.test_api.TestReasoningQuestions" name="test_reasoning_analytical_practice_10_questions" time="0.433" /><testcase classname="backend.tests.test_api.TestReasoningQuestions" name="test_reasoning_visual_practice_10_questions" time="0.431" /><testcase classname="backend.tests.test_api.TestReasoningQuestions" name="test_reasoning_test_mode_20_questions" time="0.477" /><testcase classname="backend.tests.test_api.TestPasswordReset" name="test_forgot_password_existing_email" time="0.128" /><testcase classname="backend.tests.test_api.TestPasswordReset" name="test_forgot_password_nonexistent_email" time="0.198" /><testcase classname="backend.tests.test_api.TestPasswordReset" name="test_reset_password_invalid_token" time="0.100" /><testcase classname="backend.tests.test_api.TestInterviewModule" name="test_start_interview_session" time="0.452" /><testcase classname="backend.tests.test_api.TestInterviewModule" name="test_get_user_interviews" time="0.458" /><testcase classname="backend.tests.test_api.TestAttempts" name="test_submit_attempt" time="0.434" /><testcase classname="backend.tests.test_api.TestAttempts" name="test_get_user_attempts" time="0.438" /><testcase classname="backend.tests.test_api.TestAnalytics" name="test_get_analytics" time="0.441" /><testcase classname="backend.tests.test_api.TestAnalytics" name="test_get_dashboard_data" time="0.434" /><testcase classname="backend.tests.test_file_upload.TestFileUpload" name="test_upload_profile_picture_success" time="0.429" /><testcase classname="backend.tests.test_file_upload.TestFileUpload" name="test_upload_profile_picture_invalid_type" time="0.421" /><testcase classname="backend.tests.test_file_upload.TestFileUpload" name="test_upload_profile_picture_too_large" time="0.959" /><testcase classname="backend.tests.test_file_upload.TestFileUpload" name="test_upload_profile_picture_unauthorized" time="0.121" /><testcase classname="backend.tests.test_file_upload.TestFileUpload" name="test_upload_resume_success" time="0.434" /><testcase classname="backend.tests.test_file_upload.TestFileUpload" name="test_upload_resume_invalid_type" time="0.423" /><testcase classname="backend.tests.test_file_upload.TestFileUpload" name="test_upload_resume_too_large" time="1.064" /><testcase classname="backend.tests.test_file_upload.TestFileUpload" name="test_get_uploaded_file_invalid_folder" time="0.103" /><testcase classname="backend.tests.test_file_upload.TestFileUpload" name="test_get_uploaded_file_not_found" time="0.134" /><testcase classname="backend.tests.test_file_upload.TestFileUpload" name="test_profile_picture_persists_in_profile" time="0.545" /><testcase classname="backend.tests.test_file_upload.TestFileUpload" name="test_resume_persists_in_profile" time="0.533" /></testsuite></testsuites>