<?xml version="1.0" encoding="utf-8"?><testsuites name="pytest tests"><testsuite name="pytest" errors="0" failures="0" skipped="0" tests="9" time="75.672" timestamp="2026-05-08T19:12:00.932708+00:00" hostname="agent-env-4af4889d-2a0b-421f-b8cd-e7b7c4e20883"><testcase classname="backend.tests.test_iter5.TestCatalog" name="test_aptitude_catalog" time="0.794" /><testcase classname="backend.tests.test_iter5.TestCatalog" name="test_quantitative_topics" time="0.146" /><testcase classname="backend.tests.test_iter5.TestSmartQuestions" name="test_topic_questions_seed_percentage" time="0.246" /><testcase classname="backend.tests.test_iter5.TestSmartQuestions" name="test_topic_questions_cache_fast" time="0.329" /><testcase classname="backend.tests.test_iter5.TestSmartQuestions" name="test_topic_questions_seen_ids_excluded" time="16.606" /><testcase classname="backend.tests.test_iter5.TestSmartQuestions" name="test_topic_questions_gemini_generation" time="26.728" /><testcase classname="backend.tests.test_iter5.TestAttemptByHash" name="test_attempt_with_hash_id" time="0.275" /><testcase classname="backend.tests.test_iter5.TestChatbot" name="test_chatbot_message_fresh_session" time="8.653" /><testcase classname="backend.tests.test_iter5.TestChatbot" name="test_chatbot_history_and_context" time="21.782" /></testsuite></testsuites>