<?xml version="1.0" encoding="utf-8"?><testsuites name="pytest tests"><testsuite name="pytest" errors="0" failures="0" skipped="0" tests="48" time="18.434" timestamp="2026-05-02T13:45:47.849863+00:00" hostname="agent-env-4af4889d-2a0b-421f-b8cd-e7b7c4e20883"><testcase classname="tests.test_api.TestAuth" name="test_login_success" time="0.387" /><testcase classname="tests.test_api.TestAuth" name="test_login_invalid_credentials" time="0.107" /><testcase classname="tests.test_api.TestAuth" name="test_signup_duplicate_email" time="0.116" /><testcase classname="tests.test_api.TestAuth" name="test_get_current_user" time="0.460" /><testcase classname="tests.test_api.TestAptitudeQuestions" name="test_aptitude_quantitative_practice_10_questions" time="0.511" /><testcase classname="tests.test_api.TestAptitudeQuestions" name="test_aptitude_logical_practice_10_questions" time="0.458" /><testcase classname="tests.test_api.TestAptitudeQuestions" name="test_aptitude_verbal_practice_10_questions" time="0.440" /><testcase classname="tests.test_api.TestAptitudeQuestions" name="test_aptitude_test_mode_20_questions" time="0.469" /><testcase classname="tests.test_api.TestAptitudeQuestions" name="test_questions_have_required_fields" time="0.458" /><testcase classname="tests.test_api.TestReasoningQuestions" name="test_reasoning_pattern_practice_10_questions" time="0.432" /><testcase classname="tests.test_api.TestReasoningQuestions" name="test_reasoning_analytical_practice_10_questions" time="0.443" /><testcase classname="tests.test_api.TestReasoningQuestions" name="test_reasoning_visual_practice_10_questions" time="0.430" /><testcase classname="tests.test_api.TestReasoningQuestions" name="test_reasoning_test_mode_20_questions" time="0.475" /><testcase classname="tests.test_api.TestPasswordReset" name="test_forgot_password_existing_email" time="0.109" /><testcase classname="tests.test_api.TestPasswordReset" name="test_forgot_password_nonexistent_email" time="0.102" /><testcase classname="tests.test_api.TestPasswordReset" name="test_reset_password_invalid_token" time="0.101" /><testcase classname="tests.test_api.TestInterviewModule" name="test_start_interview_session" time="0.439" /><testcase classname="tests.test_api.TestInterviewModule" name="test_get_user_interviews" time="0.438" /><testcase classname="tests.test_api.TestAttempts" name="test_submit_attempt" time="0.437" /><testcase classname="tests.test_api.TestAttempts" name="test_get_user_attempts" time="0.462" /><testcase classname="tests.test_api.TestAnalytics" name="test_get_analytics" time="0.466" /><testcase classname="tests.test_api.TestAnalytics" name="test_get_dashboard_data" time="0.445" /><testcase classname="tests.test_coding_module.TestCodingModule" name="test_get_coding_questions" time="0.374" /><testcase classname="tests.test_coding_module.TestCodingModule" name="test_get_coding_questions_with_count" time="0.372" /><testcase classname="tests.test_coding_module.TestCodingModule" name="test_submit_code_python_success" time="0.392" /><testcase classname="tests.test_coding_module.TestCodingModule" name="test_submit_code_javascript_success" time="0.374" /><testcase classname="tests.test_coding_module.TestCodingModule" name="test_submit_code_java_success" time="0.384" /><testcase classname="tests.test_coding_module.TestCodingModule" name="test_submit_code_cpp_success" time="0.402" /><testcase classname="tests.test_coding_module.TestCodingModule" name="test_submit_empty_code_rejected" time="0.386" /><testcase classname="tests.test_coding_module.TestCodingModule" name="test_submit_whitespace_code_rejected" time="0.378" /><testcase classname="tests.test_coding_module.TestCodingModule" name="test_submit_invalid_language_rejected" time="0.375" /><testcase classname="tests.test_coding_module.TestCodingModule" name="test_submit_missing_question_id_rejected" time="0.391" /><testcase classname="tests.test_coding_module.TestCodingModule" name="test_submit_missing_language_rejected" time="0.403" /><testcase classname="tests.test_coding_module.TestCodingModule" name="test_submit_code_analysis_structure" time="0.414" /><testcase classname="tests.test_coding_module.TestCodingModule" name="test_xp_earned_is_positive" time="0.407" /><testcase classname="tests.test_coding_module.TestCodingModuleUnauthenticated" name="test_submit_code_without_auth" time="0.104" /><testcase classname="tests.test_coding_module.TestCodingModuleUnauthenticated" name="test_get_questions_without_auth" time="0.132" /><testcase classname="tests.test_file_upload.TestFileUpload" name="test_upload_profile_picture_success" time="0.463" /><testcase classname="tests.test_file_upload.TestFileUpload" name="test_upload_profile_picture_invalid_type" time="0.437" /><testcase classname="tests.test_file_upload.TestFileUpload" name="test_upload_profile_picture_too_large" time="0.690" /><testcase classname="tests.test_file_upload.TestFileUpload" name="test_upload_profile_picture_unauthorized" time="0.129" /><testcase classname="tests.test_file_upload.TestFileUpload" name="test_upload_resume_success" time="0.483" /><testcase classname="tests.test_file_upload.TestFileUpload" name="test_upload_resume_invalid_type" time="0.440" /><testcase classname="tests.test_file_upload.TestFileUpload" name="test_upload_resume_too_large" time="0.883" /><testcase classname="tests.test_file_upload.TestFileUpload" name="test_get_uploaded_file_invalid_folder" time="0.104" /><testcase classname="tests.test_file_upload.TestFileUpload" name="test_get_uploaded_file_not_found" time="0.116" /><testcase classname="tests.test_file_upload.TestFileUpload" name="test_profile_picture_persists_in_profile" time="0.551" /><testcase classname="tests.test_file_upload.TestFileUpload" name="test_resume_persists_in_profile" time="0.587" /></testsuite></testsuites>