<?xml version="1.0" encoding="utf-8"?><testsuites name="pytest tests"><testsuite name="pytest" errors="0" failures="0" skipped="0" tests="9" time="1.998" timestamp="2026-05-02T14:30:09.624452+00:00" hostname="agent-env-4af4889d-2a0b-421f-b8cd-e7b7c4e20883"><testcase classname="backend.tests.test_difficulty_filter" name="test_aptitude_quantitative_easy_5" time="0.715" /><testcase classname="backend.tests.test_difficulty_filter" name="test_aptitude_logical_hard_count10_unique" time="0.140" /><testcase classname="backend.tests.test_difficulty_filter" name="test_aptitude_verbal_medium" time="0.143" /><testcase classname="backend.tests.test_difficulty_filter" name="test_reasoning_pattern_hard_unique" time="0.139" /><testcase classname="backend.tests.test_difficulty_filter" name="test_reasoning_analytical_medium_unique" time="0.165" /><testcase classname="backend.tests.test_difficulty_filter" name="test_reasoning_visual_easy" time="0.114" /><testcase classname="backend.tests.test_difficulty_filter" name="test_invalid_difficulty_rejected" time="0.112" /><testcase classname="backend.tests.test_difficulty_filter" name="test_no_auth_rejected" time="0.155" /><testcase classname="backend.tests.test_difficulty_filter" name="test_submit_attempt_from_filtered_question" time="0.248" /></testsuite></testsuites>