<?xml version="1.0" encoding="utf-8"?><testsuites name="pytest tests"><testsuite name="pytest" errors="0" failures="0" skipped="0" tests="15" time="0.612" timestamp="2026-05-10T19:17:17.299812+00:00" hostname="agent-env-4af4889d-2a0b-421f-b8cd-e7b7c4e20883"><testcase classname="backend.tests.test_iter6.TestCodingSubmit" name="test_boilerplate_returns_zero" time="0.294" /><testcase classname="backend.tests.test_iter6.TestCodingSubmit" name="test_empty_code_returns_400" time="0.003" /><testcase classname="backend.tests.test_iter6.TestCodingSubmit" name="test_correct_solution_full_score" time="0.039" /><testcase classname="backend.tests.test_iter6.TestCodingSubmit" name="test_unsupported_language" time="0.002" /><testcase classname="backend.tests.test_iter6.TestCodingSubmit" name="test_broken_syntax" time="0.022" /><testcase classname="backend.tests.test_iter6.TestCodingSubmit" name="test_wrong_function_name" time="0.036" /><testcase classname="backend.tests.test_iter6.TestCommunicationAnalyze" name="test_empty_text_returns_400" time="0.002" /><testcase classname="backend.tests.test_iter6.TestCommunicationAnalyze" name="test_too_short_returns_400" time="0.002" /><testcase classname="backend.tests.test_iter6.TestCommunicationAnalyze" name="test_valid_text_returns_analysis" time="0.003" /><testcase classname="backend.tests.test_iter6.TestCommunicationAnalyze" name="test_query_params_not_accepted" time="0.002" /><testcase classname="backend.tests.test_iter6.TestInterviewRespond" name="test_empty_response_returns_400" time="0.045" /><testcase classname="backend.tests.test_iter6.TestInterviewRespond" name="test_valid_response_returns_analysis" time="0.046" /><testcase classname="backend.tests.test_iter6.TestInterviewRespond" name="test_invalid_session_returns_404" time="0.003" /><testcase classname="backend.tests.test_iter6.TestInterviewRespond" name="test_query_params_not_accepted" time="0.044" /><testcase classname="backend.tests.test_iter6.TestAttemptsByHash" name="test_record_attempt_with_hash_id" time="0.004" /></testsuite></testsuites>