<?xml version="1.0" encoding="utf-8"?><testsuites name="pytest tests"><testsuite name="pytest" errors="0" failures="0" skipped="0" tests="22" time="7.494" timestamp="2026-04-05T09:55:46.644072+00:00" hostname="agent-env-4af4889d-2a0b-421f-b8cd-e7b7c4e20883"><testcase classname="test_api.TestAuth" name="test_login_success" time="0.342" /><testcase classname="test_api.TestAuth" name="test_login_invalid_credentials" time="0.097" /><testcase classname="test_api.TestAuth" name="test_signup_duplicate_email" time="0.096" /><testcase classname="test_api.TestAuth" name="test_get_current_user" time="0.406" /><testcase classname="test_api.TestAptitudeQuestions" name="test_aptitude_quantitative_practice_10_questions" time="0.416" /><testcase classname="test_api.TestAptitudeQuestions" name="test_aptitude_logical_practice_10_questions" time="0.420" /><testcase classname="test_api.TestAptitudeQuestions" name="test_aptitude_verbal_practice_10_questions" time="0.400" /><testcase classname="test_api.TestAptitudeQuestions" name="test_aptitude_test_mode_20_questions" time="0.419" /><testcase classname="test_api.TestAptitudeQuestions" name="test_questions_have_required_fields" time="0.419" /><testcase classname="test_api.TestReasoningQuestions" name="test_reasoning_pattern_practice_10_questions" time="0.423" /><testcase classname="test_api.TestReasoningQuestions" name="test_reasoning_analytical_practice_10_questions" time="0.410" /><testcase classname="test_api.TestReasoningQuestions" name="test_reasoning_visual_practice_10_questions" time="0.401" /><testcase classname="test_api.TestReasoningQuestions" name="test_reasoning_test_mode_20_questions" time="0.405" /><testcase classname="test_api.TestPasswordReset" name="test_forgot_password_existing_email" time="0.095" /><testcase classname="test_api.TestPasswordReset" name="test_forgot_password_nonexistent_email" time="0.093" /><testcase classname="test_api.TestPasswordReset" name="test_reset_password_invalid_token" time="0.093" /><testcase classname="test_api.TestInterviewModule" name="test_start_interview_session" time="0.432" /><testcase classname="test_api.TestInterviewModule" name="test_get_user_interviews" time="0.403" /><testcase classname="test_api.TestAttempts" name="test_submit_attempt" time="0.415" /><testcase classname="test_api.TestAttempts" name="test_get_user_attempts" time="0.416" /><testcase classname="test_api.TestAnalytics" name="test_get_analytics" time="0.410" /><testcase classname="test_api.TestAnalytics" name="test_get_dashboard_data" time="0.431" /></testsuite></testsuites>